\BOOKMARK [1][-]{section.1}{Introduction}{}% 1
\BOOKMARK [1][-]{section.2}{Problem}{}% 2
\BOOKMARK [1][-]{section.3}{Web Frameworks}{}% 3
\BOOKMARK [2][-]{subsection.3.1}{Happstack}{section.3}% 4
\BOOKMARK [2][-]{subsection.3.2}{Snap}{section.3}% 5
\BOOKMARK [3][-]{subsubsection.3.2.1}{Snaplets}{subsection.3.2}% 6
\BOOKMARK [2][-]{subsection.3.3}{Yesod}{section.3}% 7
\BOOKMARK [1][-]{section.4}{Analysis}{}% 8
\BOOKMARK [2][-]{subsection.4.1}{Feature analysis}{section.4}% 9
\BOOKMARK [3][-]{subsubsection.4.1.1}{Path Routing}{subsection.4.1}% 10
\BOOKMARK [3][-]{subsubsection.4.1.2}{Serving Files}{subsection.4.1}% 11
\BOOKMARK [3][-]{subsubsection.4.1.3}{HTML Generation}{subsection.4.1}% 12
\BOOKMARK [3][-]{subsubsection.4.1.4}{JavaScript And CSS Generation}{subsection.4.1}% 13
\BOOKMARK [3][-]{subsubsection.4.1.5}{Parsing Request Data And Form Generation}{subsection.4.1}% 14
\BOOKMARK [3][-]{subsubsection.4.1.6}{Session Management}{subsection.4.1}% 15
\BOOKMARK [3][-]{subsubsection.4.1.7}{Authentication}{subsection.4.1}% 16
\BOOKMARK [3][-]{subsubsection.4.1.8}{Persistence}{subsection.4.1}% 17
\BOOKMARK [3][-]{subsubsection.4.1.9}{Project management}{subsection.4.1}% 18
\BOOKMARK [2][-]{subsection.4.2}{Framework analysis}{section.4}% 19
\BOOKMARK [3][-]{subsubsection.4.2.1}{Happstack}{subsection.4.2}% 20
\BOOKMARK [3][-]{subsubsection.4.2.2}{Snap}{subsection.4.2}% 21
\BOOKMARK [3][-]{subsubsection.4.2.3}{Yesod}{subsection.4.2}% 22
\BOOKMARK [1][-]{section.5}{Conclusion}{}% 23
\BOOKMARK [1][-]{section.6}{Acknowledgements}{}% 24
